<?xml version="1.0" encoding="UTF-8"?>
<testsuite xmlns:xsi="http://www.w3.org/2001/XMLSchema-instance" xsi:noNamespaceSchemaLocation="https://maven.apache.org/surefire/maven-surefire-plugin/xsd/surefire-test-report-3.0.xsd" version="3.0" name="se3004.CountingTest" time="0.037" tests="6" errors="0" skipped="0" failures="0">
  <properties>
[...]
</properties>
  <testcase name="threeClumpsReturnsThree" classname="se3004.CountingTest" time="0.023">
    <system-out><![CDATA[Test 5 Passed!
]]></system-out>
  </testcase>
  <testcase name="emptyArrayReturnsZero" classname="se3004.CountingTest" time="0.001">
    <system-out><![CDATA[Test 2 Passed!
]]></system-out>
  </testcase>
  <testcase name="oneClumpReturnsOne" classname="se3004.CountingTest" time="0.001">
    <system-out><![CDATA[Test 3 Passed!
]]></system-out>
  </testcase>
  <testcase name="nullArrayReturnsNullPointerException" classname="se3004.CountingTest" time="0.002">
    <system-out><![CDATA[Test 1 Passed!
]]></system-out>
  </testcase>
  <testcase name="twoClumpsReturnsTwo" classname="se3004.CountingTest" time="0.001">
    <system-out><![CDATA[Test 4 Passed!
]]></system-out>
  </testcase>
  <testcase name="fourClumpReturnsFour" classname="se3004.CountingTest" time="0">
    <system-out><![CDATA[Test 6 Passed!
]]></system-out>
  </testcase>
</testsuite>